{"environment":"development","level":"info","message":"🚀 Lap CMS Server started successfully","port":"3003","timestamp":"2025-08-01 09:18:55:1855"}
{"level":"info","message":"SIGINT signal received: closing HTTP server","timestamp":"2025-08-01 09:20:15:2015"}
{"environment":"development","level":"info","message":"🚀 Lap CMS Server started successfully","port":"3003","timestamp":"2025-08-01 09:20:19:2019"}
{"level":"info","message":"SIGINT signal received: closing HTTP server","timestamp":"2025-08-01 09:20:46:2046"}
{"environment":"development","level":"info","message":"🚀 Lap CMS Server started successfully","port":"3003","timestamp":"2025-08-01 09:20:49:2049"}
{"environment":"development","level":"info","message":"🚀 Lap CMS Server started successfully","port":"3003","timestamp":"2025-08-01 09:21:26:2126"}
{"environment":"development","level":"info","message":"🚀 Lap CMS Server started successfully","port":"3003","timestamp":"2025-08-01 09:21:40:2140"}
{"environment":"development","level":"info","message":"🚀 Lap CMS Server started successfully","port":"3003","timestamp":"2025-08-01 09:21:54:2154"}
{"environment":"development","level":"info","message":"🚀 Lap CMS Server started successfully","port":"3003","timestamp":"2025-08-01 09:22:00:220"}
{"level":"info","message":"SIGINT signal received: closing HTTP server","timestamp":"2025-08-01 09:22:16:2216"}
{"environment":"development","level":"info","message":"🚀 Lap CMS Server started successfully","port":"3003","timestamp":"2025-08-01 09:22:20:2220"}
{"level":"info","message":"SIGINT signal received: closing HTTP server","timestamp":"2025-08-01 09:23:17:2317"}
{"environment":"development","level":"info","message":"🚀 Lap CMS Server started successfully","port":"3003","timestamp":"2025-08-01 09:23:21:2321"}
{"action":"token_missing","ip":"::1","level":"warn","message":"Authentication Event","reason":"No auth token provided","success":false,"timestamp":"2025-08-01 09:23:48:2348"}
{"ip":"::1","level":"http","message":"HTTP Request","method":"GET","responseTime":"3ms","statusCode":401,"timestamp":"2025-08-01 09:23:48:2348","url":"/auth/me","userAgent":"Mozilla/5.0 (Macintosh; Intel Mac OS X 10_15_7) AppleWebKit/605.1.15 (KHTML, like Gecko) Version/18.5 Safari/605.1.15"}
{"action":"login_failed","ip":"::1","level":"warn","message":"Authentication Event","reason":"User not found","success":false,"timestamp":"2025-08-01 09:23:51:2351"}
{"ip":"::1","level":"http","message":"HTTP Request","method":"POST","responseTime":"643ms","statusCode":401,"timestamp":"2025-08-01 09:23:51:2351","url":"/auth/login","userAgent":"Mozilla/5.0 (Macintosh; Intel Mac OS X 10_15_7) AppleWebKit/605.1.15 (KHTML, like Gecko) Version/18.5 Safari/605.1.15"}
{"action":"login_failed","ip":"::1","level":"warn","message":"Authentication Event","reason":"Invalid password","success":false,"timestamp":"2025-08-01 09:24:01:241","userId":"cmdo4kxfo0001p4u6bz2adny6"}
{"ip":"::1","level":"http","message":"HTTP Request","method":"POST","responseTime":"459ms","statusCode":401,"timestamp":"2025-08-01 09:24:01:241","url":"/auth/login","userAgent":"Mozilla/5.0 (Macintosh; Intel Mac OS X 10_15_7) AppleWebKit/605.1.15 (KHTML, like Gecko) Version/18.5 Safari/605.1.15"}
{"action":"login_success","ip":"::1","level":"info","message":"Authentication Event","success":true,"timestamp":"2025-08-01 09:24:04:244","userId":"cmdo4kxfo0001p4u6bz2adny6"}
{"email":"admin@lapdijital.com","ip":"::1","level":"info","message":"User logged in successfully","timestamp":"2025-08-01 09:24:04:244","userId":"cmdo4kxfo0001p4u6bz2adny6"}
{"ip":"::1","level":"http","message":"HTTP Request","method":"POST","responseTime":"364ms","statusCode":200,"timestamp":"2025-08-01 09:24:04:244","url":"/auth/login","userAgent":"Mozilla/5.0 (Macintosh; Intel Mac OS X 10_15_7) AppleWebKit/605.1.15 (KHTML, like Gecko) Version/18.5 Safari/605.1.15"}
{"action":"token_verified","ip":"::1","level":"info","message":"Authentication Event","success":true,"timestamp":"2025-08-01 09:24:04:244"}
{"action":"token_verified","ip":"::1","level":"info","message":"Authentication Event","success":true,"timestamp":"2025-08-01 09:24:04:244"}
{"ip":"::1","level":"http","message":"HTTP Request","method":"GET","responseTime":"533ms","statusCode":404,"timestamp":"2025-08-01 09:24:05:245","url":"/users/activities","userAgent":"Mozilla/5.0 (Macintosh; Intel Mac OS X 10_15_7) AppleWebKit/605.1.15 (KHTML, like Gecko) Version/18.5 Safari/605.1.15"}
{"ip":"::1","level":"http","message":"HTTP Request","method":"GET","responseTime":"1005ms","statusCode":404,"timestamp":"2025-08-01 09:24:05:245","url":"/users/activities","userAgent":"Mozilla/5.0 (Macintosh; Intel Mac OS X 10_15_7) AppleWebKit/605.1.15 (KHTML, like Gecko) Version/18.5 Safari/605.1.15"}
{"action":"token_verified","ip":"::1","level":"info","message":"Authentication Event","success":true,"timestamp":"2025-08-01 09:24:12:2412"}
{"ip":"::1","level":"http","message":"HTTP Request","method":"GET","responseTime":"129ms","statusCode":200,"timestamp":"2025-08-01 09:24:12:2412","url":"/auth/me","userAgent":"Mozilla/5.0 (Macintosh; Intel Mac OS X 10_15_7) AppleWebKit/605.1.15 (KHTML, like Gecko) Version/18.5 Safari/605.1.15"}
{"action":"token_verified","ip":"::1","level":"info","message":"Authentication Event","success":true,"timestamp":"2025-08-01 09:24:20:2420"}
{"ip":"::1","level":"http","message":"HTTP Request","method":"GET","responseTime":"191ms","statusCode":304,"timestamp":"2025-08-01 09:24:20:2420","url":"/auth/me","userAgent":"Mozilla/5.0 (Macintosh; Intel Mac OS X 10_15_7) AppleWebKit/605.1.15 (KHTML, like Gecko) Version/18.5 Safari/605.1.15"}
{"action":"token_verified","ip":"::1","level":"info","message":"Authentication Event","success":true,"timestamp":"2025-08-01 09:24:27:2427"}
{"ip":"::1","level":"http","message":"HTTP Request","method":"GET","responseTime":"159ms","statusCode":304,"timestamp":"2025-08-01 09:24:27:2427","url":"/auth/me","userAgent":"Mozilla/5.0 (Macintosh; Intel Mac OS X 10_15_7) AppleWebKit/605.1.15 (KHTML, like Gecko) Version/18.5 Safari/605.1.15"}
{"action":"token_verified","ip":"::1","level":"info","message":"Authentication Event","success":true,"timestamp":"2025-08-01 09:24:33:2433"}
{"ip":"::1","level":"http","message":"HTTP Request","method":"GET","responseTime":"152ms","statusCode":304,"timestamp":"2025-08-01 09:24:33:2433","url":"/auth/me","userAgent":"Mozilla/5.0 (Macintosh; Intel Mac OS X 10_15_7) AppleWebKit/605.1.15 (KHTML, like Gecko) Version/18.5 Safari/605.1.15"}
{"action":"token_verified","ip":"::1","level":"info","message":"Authentication Event","success":true,"timestamp":"2025-08-01 09:24:33:2433"}
{"action":"token_verified","ip":"::1","level":"info","message":"Authentication Event","success":true,"timestamp":"2025-08-01 09:24:33:2433"}
{"ip":"::1","level":"http","message":"HTTP Request","method":"GET","responseTime":"428ms","statusCode":404,"timestamp":"2025-08-01 09:24:33:2433","url":"/users/activities","userAgent":"Mozilla/5.0 (Macintosh; Intel Mac OS X 10_15_7) AppleWebKit/605.1.15 (KHTML, like Gecko) Version/18.5 Safari/605.1.15"}
{"ip":"::1","level":"http","message":"HTTP Request","method":"GET","responseTime":"539ms","statusCode":404,"timestamp":"2025-08-01 09:24:33:2433","url":"/users/activities","userAgent":"Mozilla/5.0 (Macintosh; Intel Mac OS X 10_15_7) AppleWebKit/605.1.15 (KHTML, like Gecko) Version/18.5 Safari/605.1.15"}
{"action":"token_verified","ip":"::1","level":"info","message":"Authentication Event","success":true,"timestamp":"2025-08-01 09:24:34:2434"}
{"ip":"::1","level":"http","message":"HTTP Request","method":"GET","responseTime":"215ms","statusCode":304,"timestamp":"2025-08-01 09:24:34:2434","url":"/auth/me","userAgent":"Mozilla/5.0 (Macintosh; Intel Mac OS X 10_15_7) AppleWebKit/605.1.15 (KHTML, like Gecko) Version/18.5 Safari/605.1.15"}
{"action":"token_verified","ip":"::1","level":"info","message":"Authentication Event","success":true,"timestamp":"2025-08-01 09:25:45:2545"}
{"ip":"::1","level":"http","message":"HTTP Request","method":"GET","responseTime":"211ms","statusCode":304,"timestamp":"2025-08-01 09:25:46:2546","url":"/auth/me","userAgent":"Mozilla/5.0 (Macintosh; Intel Mac OS X 10_15_7) AppleWebKit/605.1.15 (KHTML, like Gecko) Version/18.5 Safari/605.1.15"}
{"action":"token_verified","ip":"::1","level":"info","message":"Authentication Event","success":true,"timestamp":"2025-08-01 09:25:46:2546"}
{"action":"token_verified","ip":"::1","level":"info","message":"Authentication Event","success":true,"timestamp":"2025-08-01 09:25:46:2546"}
{"ip":"::1","level":"http","message":"HTTP Request","method":"GET","responseTime":"411ms","statusCode":404,"timestamp":"2025-08-01 09:25:46:2546","url":"/users/activities","userAgent":"Mozilla/5.0 (Macintosh; Intel Mac OS X 10_15_7) AppleWebKit/605.1.15 (KHTML, like Gecko) Version/18.5 Safari/605.1.15"}
{"ip":"::1","level":"http","message":"HTTP Request","method":"GET","responseTime":"495ms","statusCode":404,"timestamp":"2025-08-01 09:25:46:2546","url":"/users/activities","userAgent":"Mozilla/5.0 (Macintosh; Intel Mac OS X 10_15_7) AppleWebKit/605.1.15 (KHTML, like Gecko) Version/18.5 Safari/605.1.15"}
{"action":"token_verified","ip":"::1","level":"info","message":"Authentication Event","success":true,"timestamp":"2025-08-01 09:25:47:2547"}
{"ip":"::1","level":"http","message":"HTTP Request","method":"GET","responseTime":"135ms","statusCode":304,"timestamp":"2025-08-01 09:25:48:2548","url":"/auth/me","userAgent":"Mozilla/5.0 (Macintosh; Intel Mac OS X 10_15_7) AppleWebKit/605.1.15 (KHTML, like Gecko) Version/18.5 Safari/605.1.15"}
{"action":"token_verified","ip":"::1","level":"info","message":"Authentication Event","success":true,"timestamp":"2025-08-01 09:25:50:2550"}
{"ip":"::1","level":"http","message":"HTTP Request","method":"GET","responseTime":"114ms","statusCode":304,"timestamp":"2025-08-01 09:25:50:2550","url":"/auth/me","userAgent":"Mozilla/5.0 (Macintosh; Intel Mac OS X 10_15_7) AppleWebKit/605.1.15 (KHTML, like Gecko) Version/18.5 Safari/605.1.15"}
{"action":"token_verified","ip":"::1","level":"info","message":"Authentication Event","success":true,"timestamp":"2025-08-01 09:25:50:2550"}
{"action":"token_verified","ip":"::1","level":"info","message":"Authentication Event","success":true,"timestamp":"2025-08-01 09:25:50:2550"}
{"ip":"::1","level":"http","message":"HTTP Request","method":"GET","responseTime":"268ms","statusCode":404,"timestamp":"2025-08-01 09:25:50:2550","url":"/users/activities","userAgent":"Mozilla/5.0 (Macintosh; Intel Mac OS X 10_15_7) AppleWebKit/605.1.15 (KHTML, like Gecko) Version/18.5 Safari/605.1.15"}
{"ip":"::1","level":"http","message":"HTTP Request","method":"GET","responseTime":"334ms","statusCode":404,"timestamp":"2025-08-01 09:25:50:2550","url":"/users/activities","userAgent":"Mozilla/5.0 (Macintosh; Intel Mac OS X 10_15_7) AppleWebKit/605.1.15 (KHTML, like Gecko) Version/18.5 Safari/605.1.15"}
{"action":"token_verified","ip":"::1","level":"info","message":"Authentication Event","success":true,"timestamp":"2025-08-01 09:25:51:2551"}
{"ip":"::1","level":"http","message":"HTTP Request","method":"GET","responseTime":"115ms","statusCode":304,"timestamp":"2025-08-01 09:25:52:2552","url":"/auth/me","userAgent":"Mozilla/5.0 (Macintosh; Intel Mac OS X 10_15_7) AppleWebKit/605.1.15 (KHTML, like Gecko) Version/18.5 Safari/605.1.15"}
{"action":"token_verified","ip":"::1","level":"info","message":"Authentication Event","success":true,"timestamp":"2025-08-01 09:26:00:260"}
{"ip":"::1","level":"http","message":"HTTP Request","method":"GET","responseTime":"136ms","statusCode":304,"timestamp":"2025-08-01 09:26:00:260","url":"/auth/me","userAgent":"Mozilla/5.0 (Macintosh; Intel Mac OS X 10_15_7) AppleWebKit/605.1.15 (KHTML, like Gecko) Version/18.5 Safari/605.1.15"}
{"action":"token_verified","ip":"::1","level":"info","message":"Authentication Event","success":true,"timestamp":"2025-08-01 09:26:00:260"}
{"action":"token_verified","ip":"::1","level":"info","message":"Authentication Event","success":true,"timestamp":"2025-08-01 09:26:00:260"}
{"ip":"::1","level":"http","message":"HTTP Request","method":"GET","responseTime":"392ms","statusCode":404,"timestamp":"2025-08-01 09:26:01:261","url":"/users/activities","userAgent":"Mozilla/5.0 (Macintosh; Intel Mac OS X 10_15_7) AppleWebKit/605.1.15 (KHTML, like Gecko) Version/18.5 Safari/605.1.15"}
{"ip":"::1","level":"http","message":"HTTP Request","method":"GET","responseTime":"452ms","statusCode":404,"timestamp":"2025-08-01 09:26:01:261","url":"/users/activities","userAgent":"Mozilla/5.0 (Macintosh; Intel Mac OS X 10_15_7) AppleWebKit/605.1.15 (KHTML, like Gecko) Version/18.5 Safari/605.1.15"}
{"action":"token_verified","ip":"::1","level":"info","message":"Authentication Event","success":true,"timestamp":"2025-08-01 09:26:01:261"}
{"ip":"::1","level":"http","message":"HTTP Request","method":"GET","responseTime":"195ms","statusCode":304,"timestamp":"2025-08-01 09:26:02:262","url":"/auth/me","userAgent":"Mozilla/5.0 (Macintosh; Intel Mac OS X 10_15_7) AppleWebKit/605.1.15 (KHTML, like Gecko) Version/18.5 Safari/605.1.15"}
{"action":"token_verified","ip":"::1","level":"info","message":"Authentication Event","success":true,"timestamp":"2025-08-01 09:30:27:3027"}
{"ip":"::1","level":"http","message":"HTTP Request","method":"GET","responseTime":"723ms","statusCode":304,"timestamp":"2025-08-01 09:30:28:3028","url":"/auth/me","userAgent":"Mozilla/5.0 (Macintosh; Intel Mac OS X 10_15_7) AppleWebKit/605.1.15 (KHTML, like Gecko) Version/18.5 Safari/605.1.15"}
{"action":"token_verified","ip":"::1","level":"info","message":"Authentication Event","success":true,"timestamp":"2025-08-01 09:30:28:3028"}
{"action":"token_verified","ip":"::1","level":"info","message":"Authentication Event","success":true,"timestamp":"2025-08-01 09:30:28:3028"}
{"ip":"::1","level":"http","message":"HTTP Request","method":"GET","responseTime":"346ms","statusCode":200,"timestamp":"2025-08-01 09:30:28:3028","url":"/api/users","userAgent":"Mozilla/5.0 (Macintosh; Intel Mac OS X 10_15_7) AppleWebKit/605.1.15 (KHTML, like Gecko) Version/18.5 Safari/605.1.15"}
{"ip":"::1","level":"http","message":"HTTP Request","method":"GET","responseTime":"921ms","statusCode":200,"timestamp":"2025-08-01 09:30:29:3029","url":"/api/users","userAgent":"Mozilla/5.0 (Macintosh; Intel Mac OS X 10_15_7) AppleWebKit/605.1.15 (KHTML, like Gecko) Version/18.5 Safari/605.1.15"}
{"environment":"development","level":"info","message":"🚀 Lap CMS Server started successfully","port":"3003","timestamp":"2025-08-01 09:32:02:322"}
{"environment":"development","level":"info","message":"🚀 Lap CMS Server started successfully","port":"3003","timestamp":"2025-08-01 09:32:11:3211"}
{"environment":"development","level":"info","message":"🚀 Lap CMS Server started successfully","port":"3003","timestamp":"2025-08-01 09:32:18:3218"}
{"action":"token_verified","ip":"::1","level":"info","message":"Authentication Event","success":true,"timestamp":"2025-08-01 09:32:59:3259"}
{"ip":"::1","level":"http","message":"HTTP Request","method":"GET","responseTime":"846ms","statusCode":304,"timestamp":"2025-08-01 09:33:00:330","url":"/api/users","userAgent":"Mozilla/5.0 (Macintosh; Intel Mac OS X 10_15_7) AppleWebKit/605.1.15 (KHTML, like Gecko) Version/18.5 Safari/605.1.15"}
{"action":"token_verified","ip":"::1","level":"info","message":"Authentication Event","success":true,"timestamp":"2025-08-01 09:33:37:3337"}
{"ip":"::1","level":"http","message":"HTTP Request","method":"GET","responseTime":"266ms","statusCode":304,"timestamp":"2025-08-01 09:33:37:3337","url":"/api/users","userAgent":"Mozilla/5.0 (Macintosh; Intel Mac OS X 10_15_7) AppleWebKit/605.1.15 (KHTML, like Gecko) Version/18.5 Safari/605.1.15"}
{"action":"token_verified","ip":"::1","level":"info","message":"Authentication Event","success":true,"timestamp":"2025-08-01 09:34:18:3418"}
{"ip":"::1","level":"http","message":"HTTP Request","method":"GET","responseTime":"255ms","statusCode":304,"timestamp":"2025-08-01 09:34:19:3419","url":"/api/users","userAgent":"Mozilla/5.0 (Macintosh; Intel Mac OS X 10_15_7) AppleWebKit/605.1.15 (KHTML, like Gecko) Version/18.5 Safari/605.1.15"}
{"action":"token_verified","ip":"::1","level":"info","message":"Authentication Event","success":true,"timestamp":"2025-08-01 09:35:40:3540"}
{"action":"delete_user","adminUserId":"cmdo4kxfo0001p4u6bz2adny6","deletedUserEmail":"test@example.com","deletedUserId":"cmdo4kx410000p4u6q94gg33z","level":"info","message":"User deleted","timestamp":"2025-08-01 09:35:41:3541"}
{"ip":"::1","level":"http","message":"HTTP Request","method":"DELETE","responseTime":"486ms","statusCode":200,"timestamp":"2025-08-01 09:35:41:3541","url":"/api/users/cmdo4kx410000p4u6q94gg33z","userAgent":"Mozilla/5.0 (Macintosh; Intel Mac OS X 10_15_7) AppleWebKit/605.1.15 (KHTML, like Gecko) Version/18.5 Safari/605.1.15"}
{"action":"token_verified","ip":"::1","level":"info","message":"Authentication Event","success":true,"timestamp":"2025-08-01 09:35:43:3543"}
{"ip":"::1","level":"http","message":"HTTP Request","method":"GET","responseTime":"205ms","statusCode":304,"timestamp":"2025-08-01 09:35:43:3543","url":"/auth/me","userAgent":"Mozilla/5.0 (Macintosh; Intel Mac OS X 10_15_7) AppleWebKit/605.1.15 (KHTML, like Gecko) Version/18.5 Safari/605.1.15"}
{"action":"token_verified","ip":"::1","level":"info","message":"Authentication Event","success":true,"timestamp":"2025-08-01 09:35:43:3543"}
{"action":"token_verified","ip":"::1","level":"info","message":"Authentication Event","success":true,"timestamp":"2025-08-01 09:35:43:3543"}
{"ip":"::1","level":"http","message":"HTTP Request","method":"GET","responseTime":"339ms","statusCode":200,"timestamp":"2025-08-01 09:35:44:3544","url":"/api/users","userAgent":"Mozilla/5.0 (Macintosh; Intel Mac OS X 10_15_7) AppleWebKit/605.1.15 (KHTML, like Gecko) Version/18.5 Safari/605.1.15"}
{"ip":"::1","level":"http","message":"HTTP Request","method":"GET","responseTime":"1124ms","statusCode":200,"timestamp":"2025-08-01 09:35:44:3544","url":"/api/users","userAgent":"Mozilla/5.0 (Macintosh; Intel Mac OS X 10_15_7) AppleWebKit/605.1.15 (KHTML, like Gecko) Version/18.5 Safari/605.1.15"}
{"action":"token_verified","ip":"::1","level":"info","message":"Authentication Event","success":true,"timestamp":"2025-08-01 09:35:49:3549"}
{"action":"delete_user","adminUserId":"cmdo4kxfo0001p4u6bz2adny6","deletedUserEmail":"admin@example.com","deletedUserId":"cmdoyz8oq0001p4aztuosmzvj","level":"info","message":"User deleted","timestamp":"2025-08-01 09:35:50:3550"}
{"ip":"::1","level":"http","message":"HTTP Request","method":"DELETE","responseTime":"396ms","statusCode":200,"timestamp":"2025-08-01 09:35:50:3550","url":"/api/users/cmdoyz8oq0001p4aztuosmzvj","userAgent":"Mozilla/5.0 (Macintosh; Intel Mac OS X 10_15_7) AppleWebKit/605.1.15 (KHTML, like Gecko) Version/18.5 Safari/605.1.15"}
{"action":"token_verified","ip":"::1","level":"info","message":"Authentication Event","success":true,"timestamp":"2025-08-01 09:35:58:3558"}
{"ip":"::1","level":"http","message":"HTTP Request","method":"GET","responseTime":"141ms","statusCode":304,"timestamp":"2025-08-01 09:35:58:3558","url":"/auth/me","userAgent":"Mozilla/5.0 (Macintosh; Intel Mac OS X 10_15_7) AppleWebKit/605.1.15 (KHTML, like Gecko) Version/18.5 Safari/605.1.15"}
{"action":"token_verified","ip":"::1","level":"info","message":"Authentication Event","success":true,"timestamp":"2025-08-01 09:35:58:3558"}
{"action":"token_verified","ip":"::1","level":"info","message":"Authentication Event","success":true,"timestamp":"2025-08-01 09:35:58:3558"}
{"ip":"::1","level":"http","message":"HTTP Request","method":"GET","responseTime":"405ms","statusCode":200,"timestamp":"2025-08-01 09:35:59:3559","url":"/api/users","userAgent":"Mozilla/5.0 (Macintosh; Intel Mac OS X 10_15_7) AppleWebKit/605.1.15 (KHTML, like Gecko) Version/18.5 Safari/605.1.15"}
{"ip":"::1","level":"http","message":"HTTP Request","method":"GET","responseTime":"533ms","statusCode":200,"timestamp":"2025-08-01 09:35:59:3559","url":"/api/users","userAgent":"Mozilla/5.0 (Macintosh; Intel Mac OS X 10_15_7) AppleWebKit/605.1.15 (KHTML, like Gecko) Version/18.5 Safari/605.1.15"}
{"action":"logout_success","ip":"::1","level":"info","message":"Authentication Event","success":true,"timestamp":"2025-08-01 09:36:04:364"}
{"ip":"::1","level":"info","message":"User logged out successfully","timestamp":"2025-08-01 09:36:04:364"}
{"ip":"::1","level":"http","message":"HTTP Request","method":"POST","responseTime":"4ms","statusCode":200,"timestamp":"2025-08-01 09:36:04:364","url":"/auth/logout","userAgent":"Mozilla/5.0 (Macintosh; Intel Mac OS X 10_15_7) AppleWebKit/605.1.15 (KHTML, like Gecko) Version/18.5 Safari/605.1.15"}
{"action":"token_missing","ip":"::1","level":"warn","message":"Authentication Event","reason":"No auth token provided","success":false,"timestamp":"2025-08-01 09:36:04:364"}
{"ip":"::1","level":"http","message":"HTTP Request","method":"GET","responseTime":"2ms","statusCode":401,"timestamp":"2025-08-01 09:36:04:364","url":"/auth/me","userAgent":"Mozilla/5.0 (Macintosh; Intel Mac OS X 10_15_7) AppleWebKit/605.1.15 (KHTML, like Gecko) Version/18.5 Safari/605.1.15"}
{"action":"login_success","ip":"::1","level":"info","message":"Authentication Event","success":true,"timestamp":"2025-08-01 09:36:14:3614","userId":"cmdozt30z0000p4aeyvvnsbz3"}
{"email":"cetinkorkmaz37@gmail.com","ip":"::1","level":"info","message":"User logged in successfully","timestamp":"2025-08-01 09:36:14:3614","userId":"cmdozt30z0000p4aeyvvnsbz3"}
{"ip":"::1","level":"http","message":"HTTP Request","method":"POST","responseTime":"720ms","statusCode":200,"timestamp":"2025-08-01 09:36:14:3614","url":"/auth/login","userAgent":"Mozilla/5.0 (Macintosh; Intel Mac OS X 10_15_7) AppleWebKit/605.1.15 (KHTML, like Gecko) Version/18.5 Safari/605.1.15"}
{"action":"token_verified","ip":"::1","level":"info","message":"Authentication Event","success":true,"timestamp":"2025-08-01 09:36:14:3614"}
{"action":"token_verified","ip":"::1","level":"info","message":"Authentication Event","success":true,"timestamp":"2025-08-01 09:36:14:3614"}
{"ip":"::1","level":"http","message":"HTTP Request","method":"GET","responseTime":"322ms","statusCode":403,"timestamp":"2025-08-01 09:36:14:3614","url":"/users/activities","userAgent":"Mozilla/5.0 (Macintosh; Intel Mac OS X 10_15_7) AppleWebKit/605.1.15 (KHTML, like Gecko) Version/18.5 Safari/605.1.15"}
{"ip":"::1","level":"http","message":"HTTP Request","method":"GET","responseTime":"377ms","statusCode":403,"timestamp":"2025-08-01 09:36:14:3614","url":"/users/activities","userAgent":"Mozilla/5.0 (Macintosh; Intel Mac OS X 10_15_7) AppleWebKit/605.1.15 (KHTML, like Gecko) Version/18.5 Safari/605.1.15"}
{"action":"token_verified","ip":"::1","level":"info","message":"Authentication Event","success":true,"timestamp":"2025-08-01 09:36:24:3624"}
{"ip":"::1","level":"http","message":"HTTP Request","method":"GET","responseTime":"110ms","statusCode":200,"timestamp":"2025-08-01 09:36:25:3625","url":"/auth/me","userAgent":"Mozilla/5.0 (Macintosh; Intel Mac OS X 10_15_7) AppleWebKit/605.1.15 (KHTML, like Gecko) Version/18.5 Safari/605.1.15"}
{"action":"token_verified","ip":"::1","level":"info","message":"Authentication Event","success":true,"timestamp":"2025-08-01 09:36:25:3625"}
{"action":"token_verified","ip":"::1","level":"info","message":"Authentication Event","success":true,"timestamp":"2025-08-01 09:36:25:3625"}
{"ip":"::1","level":"http","message":"HTTP Request","method":"GET","responseTime":"170ms","statusCode":403,"timestamp":"2025-08-01 09:36:25:3625","url":"/users/activities","userAgent":"Mozilla/5.0 (Macintosh; Intel Mac OS X 10_15_7) AppleWebKit/605.1.15 (KHTML, like Gecko) Version/18.5 Safari/605.1.15"}
{"ip":"::1","level":"http","message":"HTTP Request","method":"GET","responseTime":"217ms","statusCode":403,"timestamp":"2025-08-01 09:36:25:3625","url":"/users/activities","userAgent":"Mozilla/5.0 (Macintosh; Intel Mac OS X 10_15_7) AppleWebKit/605.1.15 (KHTML, like Gecko) Version/18.5 Safari/605.1.15"}
{"action":"token_verified","ip":"::1","level":"info","message":"Authentication Event","success":true,"timestamp":"2025-08-01 09:36:32:3632"}
{"action":"api_key_regenerated","ip":"::1","level":"info","message":"Authentication Event","reason":"API key regenerated successfully","success":true,"timestamp":"2025-08-01 09:36:33:3633","userId":"cmdozt30z0000p4aeyvvnsbz3"}
{"email":"cetinkorkmaz37@gmail.com","ip":"::1","level":"info","message":"API key regenerated","siteId":"cmdozt34f0003p4ae8zakd5sa","timestamp":"2025-08-01 09:36:33:3633","userId":"cmdozt30z0000p4aeyvvnsbz3"}
{"ip":"::1","level":"http","message":"HTTP Request","method":"PUT","responseTime":"493ms","statusCode":200,"timestamp":"2025-08-01 09:36:33:3633","url":"/api/users/regenerate-api-key","userAgent":"Mozilla/5.0 (Macintosh; Intel Mac OS X 10_15_7) AppleWebKit/605.1.15 (KHTML, like Gecko) Version/18.5 Safari/605.1.15"}
{"action":"token_verified","ip":"::1","level":"info","message":"Authentication Event","success":true,"timestamp":"2025-08-01 09:36:33:3633"}
{"ip":"::1","level":"http","message":"HTTP Request","method":"GET","responseTime":"126ms","statusCode":200,"timestamp":"2025-08-01 09:36:33:3633","url":"/auth/me","userAgent":"Mozilla/5.0 (Macintosh; Intel Mac OS X 10_15_7) AppleWebKit/605.1.15 (KHTML, like Gecko) Version/18.5 Safari/605.1.15"}
{"action":"token_verified","ip":"::1","level":"info","message":"Authentication Event","success":true,"timestamp":"2025-08-01 09:36:53:3653"}
{"ip":"::1","level":"http","message":"HTTP Request","method":"GET","responseTime":"256ms","statusCode":304,"timestamp":"2025-08-01 09:36:53:3653","url":"/auth/me","userAgent":"Mozilla/5.0 (Macintosh; Intel Mac OS X 10_15_7) AppleWebKit/605.1.15 (KHTML, like Gecko) Version/18.5 Safari/605.1.15"}
{"action":"token_verified","ip":"::1","level":"info","message":"Authentication Event","success":true,"timestamp":"2025-08-01 09:36:53:3653"}
{"action":"token_verified","ip":"::1","level":"info","message":"Authentication Event","success":true,"timestamp":"2025-08-01 09:36:53:3653"}
{"ip":"::1","level":"http","message":"HTTP Request","method":"GET","responseTime":"385ms","statusCode":403,"timestamp":"2025-08-01 09:36:54:3654","url":"/users/activities","userAgent":"Mozilla/5.0 (Macintosh; Intel Mac OS X 10_15_7) AppleWebKit/605.1.15 (KHTML, like Gecko) Version/18.5 Safari/605.1.15"}
{"ip":"::1","level":"http","message":"HTTP Request","method":"GET","responseTime":"451ms","statusCode":403,"timestamp":"2025-08-01 09:36:54:3654","url":"/users/activities","userAgent":"Mozilla/5.0 (Macintosh; Intel Mac OS X 10_15_7) AppleWebKit/605.1.15 (KHTML, like Gecko) Version/18.5 Safari/605.1.15"}
{"action":"token_verified","ip":"::1","level":"info","message":"Authentication Event","success":true,"timestamp":"2025-08-01 09:36:57:3657"}
{"ip":"::1","level":"http","message":"HTTP Request","method":"GET","responseTime":"177ms","statusCode":304,"timestamp":"2025-08-01 09:36:57:3657","url":"/auth/me","userAgent":"Mozilla/5.0 (Macintosh; Intel Mac OS X 10_15_7) AppleWebKit/605.1.15 (KHTML, like Gecko) Version/18.5 Safari/605.1.15"}
{"action":"token_verified","ip":"::1","level":"info","message":"Authentication Event","success":true,"timestamp":"2025-08-01 09:36:57:3657"}
{"action":"token_verified","ip":"::1","level":"info","message":"Authentication Event","success":true,"timestamp":"2025-08-01 09:36:57:3657"}
{"ip":"::1","level":"http","message":"HTTP Request","method":"GET","responseTime":"1383ms","statusCode":304,"timestamp":"2025-08-01 09:36:58:3658","url":"/posts/my","userAgent":"Mozilla/5.0 (Macintosh; Intel Mac OS X 10_15_7) AppleWebKit/605.1.15 (KHTML, like Gecko) Version/18.5 Safari/605.1.15"}
{"ip":"::1","level":"http","message":"HTTP Request","method":"GET","responseTime":"1425ms","statusCode":304,"timestamp":"2025-08-01 09:36:58:3658","url":"/posts/my","userAgent":"Mozilla/5.0 (Macintosh; Intel Mac OS X 10_15_7) AppleWebKit/605.1.15 (KHTML, like Gecko) Version/18.5 Safari/605.1.15"}
{"action":"token_verified","ip":"::1","level":"info","message":"Authentication Event","success":true,"timestamp":"2025-08-01 09:37:48:3748"}
{"action":"token_verified","ip":"::1","level":"info","message":"Authentication Event","success":true,"timestamp":"2025-08-01 09:37:49:3749"}
{"ip":"::1","level":"http","message":"HTTP Request","method":"GET","responseTime":"121ms","statusCode":304,"timestamp":"2025-08-01 09:37:49:3749","url":"/auth/me","userAgent":"Mozilla/5.0 (Macintosh; Intel Mac OS X 10_15_7) AppleWebKit/605.1.15 (KHTML, like Gecko) Version/18.5 Safari/605.1.15"}
{"action":"token_verified","ip":"::1","level":"info","message":"Authentication Event","success":true,"timestamp":"2025-08-01 09:37:49:3749"}
{"action":"token_verified","ip":"::1","level":"info","message":"Authentication Event","success":true,"timestamp":"2025-08-01 09:37:49:3749"}
{"ip":"::1","level":"http","message":"HTTP Request","method":"GET","responseTime":"647ms","statusCode":304,"timestamp":"2025-08-01 09:37:49:3749","url":"/posts/my","userAgent":"Mozilla/5.0 (Macintosh; Intel Mac OS X 10_15_7) AppleWebKit/605.1.15 (KHTML, like Gecko) Version/18.5 Safari/605.1.15"}
{"ip":"::1","level":"http","message":"HTTP Request","method":"GET","responseTime":"699ms","statusCode":304,"timestamp":"2025-08-01 09:37:49:3749","url":"/posts/my","userAgent":"Mozilla/5.0 (Macintosh; Intel Mac OS X 10_15_7) AppleWebKit/605.1.15 (KHTML, like Gecko) Version/18.5 Safari/605.1.15"}
{"environment":"development","level":"info","message":"🚀 Lap CMS Server started successfully","port":"3003","timestamp":"2025-08-01 09:37:58:3758"}
{"action":"token_verified","ip":"::1","level":"info","message":"Authentication Event","success":true,"timestamp":"2025-08-01 09:41:09:419"}
{"ip":"::1","level":"http","message":"HTTP Request","method":"GET","responseTime":"963ms","statusCode":304,"timestamp":"2025-08-01 09:41:10:4110","url":"/posts/my","userAgent":"Mozilla/5.0 (Macintosh; Intel Mac OS X 10_15_7) AppleWebKit/605.1.15 (KHTML, like Gecko) Version/18.5 Safari/605.1.15"}
{"environment":"development","level":"info","message":"🚀 Lap CMS Server started successfully","port":"3003","timestamp":"2025-08-01 09:42:47:4247"}
{"environment":"development","level":"info","message":"🚀 Lap CMS Server started successfully","port":"3003","timestamp":"2025-08-01 09:43:23:4323"}
{"environment":"development","level":"info","message":"🚀 Lap CMS Server started successfully","port":"3003","timestamp":"2025-08-01 12:36:02:362"}
{"environment":"development","level":"info","message":"🚀 Lap CMS Server started successfully","port":"3003","timestamp":"2025-08-01 12:42:28:4228"}
{"level":"info","message":"SIGINT signal received: closing HTTP server","timestamp":"2025-08-01 12:42:32:4232"}
{"environment":"development","level":"info","message":"🚀 Lap CMS Server started successfully","port":"3003","timestamp":"2025-08-01 12:49:38:4938"}
{"level":"info","message":"SIGINT signal received: closing HTTP server","timestamp":"2025-08-01 12:49:39:4939"}
{"environment":"development","level":"info","message":"🚀 Lap CMS Server started successfully","port":"3003","timestamp":"2025-08-01 13:06:51:651"}
{"level":"info","message":"SIGINT signal received: closing HTTP server","timestamp":"2025-08-01 13:08:50:850"}
{"environment":"development","level":"info","message":"🚀 Lap CMS Server started successfully","port":"3003","timestamp":"2025-08-01 13:09:06:96"}
{"level":"info","message":"SIGINT signal received: closing HTTP server","timestamp":"2025-08-01 13:09:37:937"}
{"environment":"development","level":"info","message":"🚀 Lap CMS Server started successfully","port":"3003","timestamp":"2025-08-01 13:09:41:941"}
{"action":"token_verified","ip":"::1","level":"info","message":"Authentication Event","success":true,"timestamp":"2025-08-01 13:09:49:949"}
{"duration":"73ms","error":"\nInvalid `prisma.user.findUnique()` invocation in\n/Users/erendemirci/Documents/lap-cms/apps/server/src/models/User.ts:51:32\n\n  48 // Find user by ID\n  49 static async findById(id: string): Promise<PrismaUser | null> {\n  50   try {\n→ 51     return await prisma.user.findUnique(\nUser was denied access on the database `(not available)`","level":"error","message":"Database Error","operation":"findUnique User","stack":"PrismaClientInitializationError: \nInvalid `prisma.user.findUnique()` invocation in\n/Users/erendemirci/Documents/lap-cms/apps/server/src/models/User.ts:51:32\n\n  48 // Find user by ID\n  49 static async findById(id: string): Promise<PrismaUser | null> {\n  50   try {\n→ 51     return await prisma.user.findUnique(\nUser was denied access on the database `(not available)`\n    at ri.handleRequestError (/Users/erendemirci/Documents/lap-cms/node_modules/.pnpm/@prisma+client@6.13.0_prisma@6.13.0_typescript@5.8.3__typescript@5.8.3/node_modules/@prisma/client/src/runtime/RequestHandler.ts:242:13)\n    at ri.handleAndLogRequestError (/Users/erendemirci/Documents/lap-cms/node_modules/.pnpm/@prisma+client@6.13.0_prisma@6.13.0_typescript@5.8.3__typescript@5.8.3/node_modules/@prisma/client/src/runtime/RequestHandler.ts:174:12)\n    at ri.request (/Users/erendemirci/Documents/lap-cms/node_modules/.pnpm/@prisma+client@6.13.0_prisma@6.13.0_typescript@5.8.3__typescript@5.8.3/node_modules/@prisma/client/src/runtime/RequestHandler.ts:143:12)\n    at async l (/Users/erendemirci/Documents/lap-cms/node_modules/.pnpm/@prisma+client@6.13.0_prisma@6.13.0_typescript@5.8.3__typescript@5.8.3/node_modules/@prisma/client/src/runtime/getPrismaClient.ts:862:24)\n    at async <anonymous> (/Users/erendemirci/Documents/lap-cms/apps/server/src/lib/prisma.ts:19:20)\n    at async Function.findById (/Users/erendemirci/Documents/lap-cms/apps/server/src/models/User.ts:51:14)\n    at async <anonymous> (/Users/erendemirci/Documents/lap-cms/apps/server/src/routes/auth.ts:117:18)","table":"User","timestamp":"2025-08-01 13:09:50:950"}
{"ip":"::1","level":"http","message":"HTTP Request","method":"GET","responseTime":"84ms","statusCode":404,"timestamp":"2025-08-01 13:09:50:950","url":"/auth/me","userAgent":"Mozilla/5.0 (Macintosh; Intel Mac OS X 10_15_7) AppleWebKit/605.1.15 (KHTML, like Gecko) Version/18.5 Safari/605.1.15"}
{"action":"token_verified","ip":"::1","level":"info","message":"Authentication Event","success":true,"timestamp":"2025-08-01 13:09:54:954"}
{"duration":"21ms","error":"\nInvalid `prisma.user.findUnique()` invocation in\n/Users/erendemirci/Documents/lap-cms/apps/server/src/models/User.ts:51:32\n\n  48 // Find user by ID\n  49 static async findById(id: string): Promise<PrismaUser | null> {\n  50   try {\n→ 51     return await prisma.user.findUnique(\nUser was denied access on the database `(not available)`","level":"error","message":"Database Error","operation":"findUnique User","stack":"PrismaClientInitializationError: \nInvalid `prisma.user.findUnique()` invocation in\n/Users/erendemirci/Documents/lap-cms/apps/server/src/models/User.ts:51:32\n\n  48 // Find user by ID\n  49 static async findById(id: string): Promise<PrismaUser | null> {\n  50   try {\n→ 51     return await prisma.user.findUnique(\nUser was denied access on the database `(not available)`\n    at ri.handleRequestError (/Users/erendemirci/Documents/lap-cms/node_modules/.pnpm/@prisma+client@6.13.0_prisma@6.13.0_typescript@5.8.3__typescript@5.8.3/node_modules/@prisma/client/src/runtime/RequestHandler.ts:242:13)\n    at ri.handleAndLogRequestError (/Users/erendemirci/Documents/lap-cms/node_modules/.pnpm/@prisma+client@6.13.0_prisma@6.13.0_typescript@5.8.3__typescript@5.8.3/node_modules/@prisma/client/src/runtime/RequestHandler.ts:174:12)\n    at ri.request (/Users/erendemirci/Documents/lap-cms/node_modules/.pnpm/@prisma+client@6.13.0_prisma@6.13.0_typescript@5.8.3__typescript@5.8.3/node_modules/@prisma/client/src/runtime/RequestHandler.ts:143:12)\n    at async l (/Users/erendemirci/Documents/lap-cms/node_modules/.pnpm/@prisma+client@6.13.0_prisma@6.13.0_typescript@5.8.3__typescript@5.8.3/node_modules/@prisma/client/src/runtime/getPrismaClient.ts:862:24)\n    at async <anonymous> (/Users/erendemirci/Documents/lap-cms/apps/server/src/lib/prisma.ts:19:20)\n    at async Function.findById (/Users/erendemirci/Documents/lap-cms/apps/server/src/models/User.ts:51:14)\n    at async <anonymous> (/Users/erendemirci/Documents/lap-cms/apps/server/src/routes/auth.ts:117:18)","table":"User","timestamp":"2025-08-01 13:09:54:954"}
{"ip":"::1","level":"http","message":"HTTP Request","method":"GET","responseTime":"28ms","statusCode":404,"timestamp":"2025-08-01 13:09:54:954","url":"/auth/me","userAgent":"Mozilla/5.0 (Macintosh; Intel Mac OS X 10_15_7) AppleWebKit/605.1.15 (KHTML, like Gecko) Version/18.5 Safari/605.1.15"}
{"duration":"8ms","error":"\nInvalid `prisma.user.findUnique()` invocation in\n/Users/erendemirci/Documents/lap-cms/apps/server/src/models/User.ts:66:32\n\n  63 // Find user by email\n  64 static async findByEmail(email: string): Promise<PrismaUser | null> {\n  65   try {\n→ 66     return await prisma.user.findUnique(\nUser was denied access on the database `(not available)`","level":"error","message":"Database Error","operation":"findUnique User","stack":"PrismaClientInitializationError: \nInvalid `prisma.user.findUnique()` invocation in\n/Users/erendemirci/Documents/lap-cms/apps/server/src/models/User.ts:66:32\n\n  63 // Find user by email\n  64 static async findByEmail(email: string): Promise<PrismaUser | null> {\n  65   try {\n→ 66     return await prisma.user.findUnique(\nUser was denied access on the database `(not available)`\n    at ri.handleRequestError (/Users/erendemirci/Documents/lap-cms/node_modules/.pnpm/@prisma+client@6.13.0_prisma@6.13.0_typescript@5.8.3__typescript@5.8.3/node_modules/@prisma/client/src/runtime/RequestHandler.ts:242:13)\n    at ri.handleAndLogRequestError (/Users/erendemirci/Documents/lap-cms/node_modules/.pnpm/@prisma+client@6.13.0_prisma@6.13.0_typescript@5.8.3__typescript@5.8.3/node_modules/@prisma/client/src/runtime/RequestHandler.ts:174:12)\n    at ri.request (/Users/erendemirci/Documents/lap-cms/node_modules/.pnpm/@prisma+client@6.13.0_prisma@6.13.0_typescript@5.8.3__typescript@5.8.3/node_modules/@prisma/client/src/runtime/RequestHandler.ts:143:12)\n    at async l (/Users/erendemirci/Documents/lap-cms/node_modules/.pnpm/@prisma+client@6.13.0_prisma@6.13.0_typescript@5.8.3__typescript@5.8.3/node_modules/@prisma/client/src/runtime/getPrismaClient.ts:862:24)\n    at async <anonymous> (/Users/erendemirci/Documents/lap-cms/apps/server/src/lib/prisma.ts:19:20)\n    at async Function.findByEmail (/Users/erendemirci/Documents/lap-cms/apps/server/src/models/User.ts:66:14)\n    at async <anonymous> (/Users/erendemirci/Documents/lap-cms/apps/server/src/routes/auth.ts:22:18)","table":"User","timestamp":"2025-08-01 13:09:57:957"}
{"action":"login_failed","ip":"::1","level":"warn","message":"Authentication Event","reason":"User not found","success":false,"timestamp":"2025-08-01 13:09:57:957"}
{"ip":"::1","level":"http","message":"HTTP Request","method":"POST","responseTime":"12ms","statusCode":401,"timestamp":"2025-08-01 13:09:57:957","url":"/auth/login","userAgent":"Mozilla/5.0 (Macintosh; Intel Mac OS X 10_15_7) AppleWebKit/605.1.15 (KHTML, like Gecko) Version/18.5 Safari/605.1.15"}
{"duration":"8ms","error":"\nInvalid `prisma.user.findUnique()` invocation in\n/Users/erendemirci/Documents/lap-cms/apps/server/src/models/User.ts:66:32\n\n  63 // Find user by email\n  64 static async findByEmail(email: string): Promise<PrismaUser | null> {\n  65   try {\n→ 66     return await prisma.user.findUnique(\nUser was denied access on the database `(not available)`","level":"error","message":"Database Error","operation":"findUnique User","stack":"PrismaClientInitializationError: \nInvalid `prisma.user.findUnique()` invocation in\n/Users/erendemirci/Documents/lap-cms/apps/server/src/models/User.ts:66:32\n\n  63 // Find user by email\n  64 static async findByEmail(email: string): Promise<PrismaUser | null> {\n  65   try {\n→ 66     return await prisma.user.findUnique(\nUser was denied access on the database `(not available)`\n    at ri.handleRequestError (/Users/erendemirci/Documents/lap-cms/node_modules/.pnpm/@prisma+client@6.13.0_prisma@6.13.0_typescript@5.8.3__typescript@5.8.3/node_modules/@prisma/client/src/runtime/RequestHandler.ts:242:13)\n    at ri.handleAndLogRequestError (/Users/erendemirci/Documents/lap-cms/node_modules/.pnpm/@prisma+client@6.13.0_prisma@6.13.0_typescript@5.8.3__typescript@5.8.3/node_modules/@prisma/client/src/runtime/RequestHandler.ts:174:12)\n    at ri.request (/Users/erendemirci/Documents/lap-cms/node_modules/.pnpm/@prisma+client@6.13.0_prisma@6.13.0_typescript@5.8.3__typescript@5.8.3/node_modules/@prisma/client/src/runtime/RequestHandler.ts:143:12)\n    at async l (/Users/erendemirci/Documents/lap-cms/node_modules/.pnpm/@prisma+client@6.13.0_prisma@6.13.0_typescript@5.8.3__typescript@5.8.3/node_modules/@prisma/client/src/runtime/getPrismaClient.ts:862:24)\n    at async <anonymous> (/Users/erendemirci/Documents/lap-cms/apps/server/src/lib/prisma.ts:19:20)\n    at async Function.findByEmail (/Users/erendemirci/Documents/lap-cms/apps/server/src/models/User.ts:66:14)\n    at async <anonymous> (/Users/erendemirci/Documents/lap-cms/apps/server/src/routes/auth.ts:22:18)","table":"User","timestamp":"2025-08-01 13:10:11:1011"}
{"action":"login_failed","ip":"::1","level":"warn","message":"Authentication Event","reason":"User not found","success":false,"timestamp":"2025-08-01 13:10:11:1011"}
{"ip":"::1","level":"http","message":"HTTP Request","method":"POST","responseTime":"11ms","statusCode":401,"timestamp":"2025-08-01 13:10:11:1011","url":"/auth/login","userAgent":"Mozilla/5.0 (Macintosh; Intel Mac OS X 10_15_7) AppleWebKit/605.1.15 (KHTML, like Gecko) Version/18.5 Safari/605.1.15"}
{"action":"token_verified","ip":"::1","level":"info","message":"Authentication Event","success":true,"timestamp":"2025-08-01 13:10:22:1022"}
{"duration":"23ms","error":"\nInvalid `prisma.user.findUnique()` invocation in\n/Users/erendemirci/Documents/lap-cms/apps/server/src/models/User.ts:51:32\n\n  48 // Find user by ID\n  49 static async findById(id: string): Promise<PrismaUser | null> {\n  50   try {\n→ 51     return await prisma.user.findUnique(\nUser was denied access on the database `(not available)`","level":"error","message":"Database Error","operation":"findUnique User","stack":"PrismaClientInitializationError: \nInvalid `prisma.user.findUnique()` invocation in\n/Users/erendemirci/Documents/lap-cms/apps/server/src/models/User.ts:51:32\n\n  48 // Find user by ID\n  49 static async findById(id: string): Promise<PrismaUser | null> {\n  50   try {\n→ 51     return await prisma.user.findUnique(\nUser was denied access on the database `(not available)`\n    at ri.handleRequestError (/Users/erendemirci/Documents/lap-cms/node_modules/.pnpm/@prisma+client@6.13.0_prisma@6.13.0_typescript@5.8.3__typescript@5.8.3/node_modules/@prisma/client/src/runtime/RequestHandler.ts:242:13)\n    at ri.handleAndLogRequestError (/Users/erendemirci/Documents/lap-cms/node_modules/.pnpm/@prisma+client@6.13.0_prisma@6.13.0_typescript@5.8.3__typescript@5.8.3/node_modules/@prisma/client/src/runtime/RequestHandler.ts:174:12)\n    at ri.request (/Users/erendemirci/Documents/lap-cms/node_modules/.pnpm/@prisma+client@6.13.0_prisma@6.13.0_typescript@5.8.3__typescript@5.8.3/node_modules/@prisma/client/src/runtime/RequestHandler.ts:143:12)\n    at async l (/Users/erendemirci/Documents/lap-cms/node_modules/.pnpm/@prisma+client@6.13.0_prisma@6.13.0_typescript@5.8.3__typescript@5.8.3/node_modules/@prisma/client/src/runtime/getPrismaClient.ts:862:24)\n    at async <anonymous> (/Users/erendemirci/Documents/lap-cms/apps/server/src/lib/prisma.ts:19:20)\n    at async Function.findById (/Users/erendemirci/Documents/lap-cms/apps/server/src/models/User.ts:51:14)\n    at async <anonymous> (/Users/erendemirci/Documents/lap-cms/apps/server/src/routes/auth.ts:117:18)","table":"User","timestamp":"2025-08-01 13:10:22:1022"}
{"ip":"::1","level":"http","message":"HTTP Request","method":"GET","responseTime":"27ms","statusCode":404,"timestamp":"2025-08-01 13:10:22:1022","url":"/auth/me","userAgent":"Mozilla/5.0 (Macintosh; Intel Mac OS X 10_15_7) AppleWebKit/605.1.15 (KHTML, like Gecko) Version/18.5 Safari/605.1.15"}
{"duration":"8ms","error":"\nInvalid `prisma.user.findUnique()` invocation in\n/Users/erendemirci/Documents/lap-cms/apps/server/src/models/User.ts:66:32\n\n  63 // Find user by email\n  64 static async findByEmail(email: string): Promise<PrismaUser | null> {\n  65   try {\n→ 66     return await prisma.user.findUnique(\nUser was denied access on the database `(not available)`","level":"error","message":"Database Error","operation":"findUnique User","stack":"PrismaClientInitializationError: \nInvalid `prisma.user.findUnique()` invocation in\n/Users/erendemirci/Documents/lap-cms/apps/server/src/models/User.ts:66:32\n\n  63 // Find user by email\n  64 static async findByEmail(email: string): Promise<PrismaUser | null> {\n  65   try {\n→ 66     return await prisma.user.findUnique(\nUser was denied access on the database `(not available)`\n    at ri.handleRequestError (/Users/erendemirci/Documents/lap-cms/node_modules/.pnpm/@prisma+client@6.13.0_prisma@6.13.0_typescript@5.8.3__typescript@5.8.3/node_modules/@prisma/client/src/runtime/RequestHandler.ts:242:13)\n    at ri.handleAndLogRequestError (/Users/erendemirci/Documents/lap-cms/node_modules/.pnpm/@prisma+client@6.13.0_prisma@6.13.0_typescript@5.8.3__typescript@5.8.3/node_modules/@prisma/client/src/runtime/RequestHandler.ts:174:12)\n    at ri.request (/Users/erendemirci/Documents/lap-cms/node_modules/.pnpm/@prisma+client@6.13.0_prisma@6.13.0_typescript@5.8.3__typescript@5.8.3/node_modules/@prisma/client/src/runtime/RequestHandler.ts:143:12)\n    at async l (/Users/erendemirci/Documents/lap-cms/node_modules/.pnpm/@prisma+client@6.13.0_prisma@6.13.0_typescript@5.8.3__typescript@5.8.3/node_modules/@prisma/client/src/runtime/getPrismaClient.ts:862:24)\n    at async <anonymous> (/Users/erendemirci/Documents/lap-cms/apps/server/src/lib/prisma.ts:19:20)\n    at async Function.findByEmail (/Users/erendemirci/Documents/lap-cms/apps/server/src/models/User.ts:66:14)\n    at async <anonymous> (/Users/erendemirci/Documents/lap-cms/apps/server/src/routes/auth.ts:22:18)","table":"User","timestamp":"2025-08-01 13:10:32:1032"}
{"action":"login_failed","ip":"::1","level":"warn","message":"Authentication Event","reason":"User not found","success":false,"timestamp":"2025-08-01 13:10:32:1032"}
{"ip":"::1","level":"http","message":"HTTP Request","method":"POST","responseTime":"11ms","statusCode":401,"timestamp":"2025-08-01 13:10:33:1033","url":"/auth/login","userAgent":"Mozilla/5.0 (Macintosh; Intel Mac OS X 10_15_7) AppleWebKit/605.1.15 (KHTML, like Gecko) Version/18.5 Safari/605.1.15"}
{"duration":"12ms","error":"\nInvalid `prisma.user.findUnique()` invocation in\n/Users/erendemirci/Documents/lap-cms/apps/server/src/models/User.ts:66:32\n\n  63 // Find user by email\n  64 static async findByEmail(email: string): Promise<PrismaUser | null> {\n  65   try {\n→ 66     return await prisma.user.findUnique(\nUser was denied access on the database `(not available)`","level":"error","message":"Database Error","operation":"findUnique User","stack":"PrismaClientInitializationError: \nInvalid `prisma.user.findUnique()` invocation in\n/Users/erendemirci/Documents/lap-cms/apps/server/src/models/User.ts:66:32\n\n  63 // Find user by email\n  64 static async findByEmail(email: string): Promise<PrismaUser | null> {\n  65   try {\n→ 66     return await prisma.user.findUnique(\nUser was denied access on the database `(not available)`\n    at ri.handleRequestError (/Users/erendemirci/Documents/lap-cms/node_modules/.pnpm/@prisma+client@6.13.0_prisma@6.13.0_typescript@5.8.3__typescript@5.8.3/node_modules/@prisma/client/src/runtime/RequestHandler.ts:242:13)\n    at ri.handleAndLogRequestError (/Users/erendemirci/Documents/lap-cms/node_modules/.pnpm/@prisma+client@6.13.0_prisma@6.13.0_typescript@5.8.3__typescript@5.8.3/node_modules/@prisma/client/src/runtime/RequestHandler.ts:174:12)\n    at ri.request (/Users/erendemirci/Documents/lap-cms/node_modules/.pnpm/@prisma+client@6.13.0_prisma@6.13.0_typescript@5.8.3__typescript@5.8.3/node_modules/@prisma/client/src/runtime/RequestHandler.ts:143:12)\n    at async l (/Users/erendemirci/Documents/lap-cms/node_modules/.pnpm/@prisma+client@6.13.0_prisma@6.13.0_typescript@5.8.3__typescript@5.8.3/node_modules/@prisma/client/src/runtime/getPrismaClient.ts:862:24)\n    at async <anonymous> (/Users/erendemirci/Documents/lap-cms/apps/server/src/lib/prisma.ts:19:20)\n    at async Function.findByEmail (/Users/erendemirci/Documents/lap-cms/apps/server/src/models/User.ts:66:14)\n    at async <anonymous> (/Users/erendemirci/Documents/lap-cms/apps/server/src/routes/auth.ts:22:18)","table":"User","timestamp":"2025-08-01 13:10:37:1037"}
{"action":"login_failed","ip":"::1","level":"warn","message":"Authentication Event","reason":"User not found","success":false,"timestamp":"2025-08-01 13:10:37:1037"}
{"ip":"::1","level":"http","message":"HTTP Request","method":"POST","responseTime":"15ms","statusCode":401,"timestamp":"2025-08-01 13:10:37:1037","url":"/auth/login","userAgent":"Mozilla/5.0 (Macintosh; Intel Mac OS X 10_15_7) AppleWebKit/605.1.15 (KHTML, like Gecko) Version/18.5 Safari/605.1.15"}
{"action":"login_failed","ip":"::1","level":"warn","message":"Authentication Event","reason":"User not found","success":false,"timestamp":"2025-08-01 13:11:06:116"}
{"ip":"::1","level":"http","message":"HTTP Request","method":"POST","responseTime":"776ms","statusCode":401,"timestamp":"2025-08-01 13:11:06:116","url":"/auth/login","userAgent":"Mozilla/5.0 (Macintosh; Intel Mac OS X 10_15_7) AppleWebKit/605.1.15 (KHTML, like Gecko) Version/18.5 Safari/605.1.15"}
{"action":"login_failed","ip":"::1","level":"warn","message":"Authentication Event","reason":"Invalid password","success":false,"timestamp":"2025-08-01 13:11:10:1110","userId":"cmdozt30z0000p4aeyvvnsbz3"}
{"ip":"::1","level":"http","message":"HTTP Request","method":"POST","responseTime":"551ms","statusCode":401,"timestamp":"2025-08-01 13:11:10:1110","url":"/auth/login","userAgent":"Mozilla/5.0 (Macintosh; Intel Mac OS X 10_15_7) AppleWebKit/605.1.15 (KHTML, like Gecko) Version/18.5 Safari/605.1.15"}
{"action":"login_success","ip":"::1","level":"info","message":"Authentication Event","success":true,"timestamp":"2025-08-01 13:11:14:1114","userId":"cmdozt30z0000p4aeyvvnsbz3"}
{"email":"cetinkorkmaz37@gmail.com","ip":"::1","level":"info","message":"User logged in successfully","timestamp":"2025-08-01 13:11:14:1114","userId":"cmdozt30z0000p4aeyvvnsbz3"}
{"ip":"::1","level":"http","message":"HTTP Request","method":"POST","responseTime":"378ms","statusCode":200,"timestamp":"2025-08-01 13:11:14:1114","url":"/auth/login","userAgent":"Mozilla/5.0 (Macintosh; Intel Mac OS X 10_15_7) AppleWebKit/605.1.15 (KHTML, like Gecko) Version/18.5 Safari/605.1.15"}
{"action":"token_verified","ip":"::1","level":"info","message":"Authentication Event","success":true,"timestamp":"2025-08-01 13:11:14:1114"}
{"action":"token_verified","ip":"::1","level":"info","message":"Authentication Event","success":true,"timestamp":"2025-08-01 13:11:14:1114"}
{"ip":"::1","level":"http","message":"HTTP Request","method":"GET","responseTime":"391ms","statusCode":403,"timestamp":"2025-08-01 13:11:14:1114","url":"/users/activities","userAgent":"Mozilla/5.0 (Macintosh; Intel Mac OS X 10_15_7) AppleWebKit/605.1.15 (KHTML, like Gecko) Version/18.5 Safari/605.1.15"}
{"ip":"::1","level":"http","message":"HTTP Request","method":"GET","responseTime":"1056ms","statusCode":403,"timestamp":"2025-08-01 13:11:15:1115","url":"/users/activities","userAgent":"Mozilla/5.0 (Macintosh; Intel Mac OS X 10_15_7) AppleWebKit/605.1.15 (KHTML, like Gecko) Version/18.5 Safari/605.1.15"}
