{"environment":"development","level":"info","message":"🚀 Lap CMS Server started successfully","port":"3003","timestamp":"2025-08-01 09:18:55:1855"}
{"level":"info","message":"SIGINT signal received: closing HTTP server","timestamp":"2025-08-01 09:20:15:2015"}
{"environment":"development","level":"info","message":"🚀 Lap CMS Server started successfully","port":"3003","timestamp":"2025-08-01 09:20:19:2019"}
{"level":"info","message":"SIGINT signal received: closing HTTP server","timestamp":"2025-08-01 09:20:46:2046"}
{"environment":"development","level":"info","message":"🚀 Lap CMS Server started successfully","port":"3003","timestamp":"2025-08-01 09:20:49:2049"}
{"environment":"development","level":"info","message":"🚀 Lap CMS Server started successfully","port":"3003","timestamp":"2025-08-01 09:21:26:2126"}
{"environment":"development","level":"info","message":"🚀 Lap CMS Server started successfully","port":"3003","timestamp":"2025-08-01 09:21:40:2140"}
{"environment":"development","level":"info","message":"🚀 Lap CMS Server started successfully","port":"3003","timestamp":"2025-08-01 09:21:54:2154"}
{"environment":"development","level":"info","message":"🚀 Lap CMS Server started successfully","port":"3003","timestamp":"2025-08-01 09:22:00:220"}
{"level":"info","message":"SIGINT signal received: closing HTTP server","timestamp":"2025-08-01 09:22:16:2216"}
{"environment":"development","level":"info","message":"🚀 Lap CMS Server started successfully","port":"3003","timestamp":"2025-08-01 09:22:20:2220"}
{"level":"info","message":"SIGINT signal received: closing HTTP server","timestamp":"2025-08-01 09:23:17:2317"}
{"environment":"development","level":"info","message":"🚀 Lap CMS Server started successfully","port":"3003","timestamp":"2025-08-01 09:23:21:2321"}
{"action":"token_missing","ip":"::1","level":"warn","message":"Authentication Event","reason":"No auth token provided","success":false,"timestamp":"2025-08-01 09:23:48:2348"}
{"action":"login_failed","ip":"::1","level":"warn","message":"Authentication Event","reason":"User not found","success":false,"timestamp":"2025-08-01 09:23:51:2351"}
{"action":"login_failed","ip":"::1","level":"warn","message":"Authentication Event","reason":"Invalid password","success":false,"timestamp":"2025-08-01 09:24:01:241","userId":"cmdo4kxfo0001p4u6bz2adny6"}
{"action":"login_success","ip":"::1","level":"info","message":"Authentication Event","success":true,"timestamp":"2025-08-01 09:24:04:244","userId":"cmdo4kxfo0001p4u6bz2adny6"}
{"email":"admin@lapdijital.com","ip":"::1","level":"info","message":"User logged in successfully","timestamp":"2025-08-01 09:24:04:244","userId":"cmdo4kxfo0001p4u6bz2adny6"}
{"action":"token_verified","ip":"::1","level":"info","message":"Authentication Event","success":true,"timestamp":"2025-08-01 09:24:04:244"}
{"action":"token_verified","ip":"::1","level":"info","message":"Authentication Event","success":true,"timestamp":"2025-08-01 09:24:04:244"}
{"action":"token_verified","ip":"::1","level":"info","message":"Authentication Event","success":true,"timestamp":"2025-08-01 09:24:12:2412"}
{"action":"token_verified","ip":"::1","level":"info","message":"Authentication Event","success":true,"timestamp":"2025-08-01 09:24:20:2420"}
{"action":"token_verified","ip":"::1","level":"info","message":"Authentication Event","success":true,"timestamp":"2025-08-01 09:24:27:2427"}
{"action":"token_verified","ip":"::1","level":"info","message":"Authentication Event","success":true,"timestamp":"2025-08-01 09:24:33:2433"}
{"action":"token_verified","ip":"::1","level":"info","message":"Authentication Event","success":true,"timestamp":"2025-08-01 09:24:33:2433"}
{"action":"token_verified","ip":"::1","level":"info","message":"Authentication Event","success":true,"timestamp":"2025-08-01 09:24:33:2433"}
{"action":"token_verified","ip":"::1","level":"info","message":"Authentication Event","success":true,"timestamp":"2025-08-01 09:24:34:2434"}
{"action":"token_verified","ip":"::1","level":"info","message":"Authentication Event","success":true,"timestamp":"2025-08-01 09:25:45:2545"}
{"action":"token_verified","ip":"::1","level":"info","message":"Authentication Event","success":true,"timestamp":"2025-08-01 09:25:46:2546"}
{"action":"token_verified","ip":"::1","level":"info","message":"Authentication Event","success":true,"timestamp":"2025-08-01 09:25:46:2546"}
{"action":"token_verified","ip":"::1","level":"info","message":"Authentication Event","success":true,"timestamp":"2025-08-01 09:25:47:2547"}
{"action":"token_verified","ip":"::1","level":"info","message":"Authentication Event","success":true,"timestamp":"2025-08-01 09:25:50:2550"}
{"action":"token_verified","ip":"::1","level":"info","message":"Authentication Event","success":true,"timestamp":"2025-08-01 09:25:50:2550"}
{"action":"token_verified","ip":"::1","level":"info","message":"Authentication Event","success":true,"timestamp":"2025-08-01 09:25:50:2550"}
{"action":"token_verified","ip":"::1","level":"info","message":"Authentication Event","success":true,"timestamp":"2025-08-01 09:25:51:2551"}
{"action":"token_verified","ip":"::1","level":"info","message":"Authentication Event","success":true,"timestamp":"2025-08-01 09:26:00:260"}
{"action":"token_verified","ip":"::1","level":"info","message":"Authentication Event","success":true,"timestamp":"2025-08-01 09:26:00:260"}
{"action":"token_verified","ip":"::1","level":"info","message":"Authentication Event","success":true,"timestamp":"2025-08-01 09:26:00:260"}
{"action":"token_verified","ip":"::1","level":"info","message":"Authentication Event","success":true,"timestamp":"2025-08-01 09:26:01:261"}
{"action":"token_verified","ip":"::1","level":"info","message":"Authentication Event","success":true,"timestamp":"2025-08-01 09:30:27:3027"}
{"action":"token_verified","ip":"::1","level":"info","message":"Authentication Event","success":true,"timestamp":"2025-08-01 09:30:28:3028"}
{"action":"token_verified","ip":"::1","level":"info","message":"Authentication Event","success":true,"timestamp":"2025-08-01 09:30:28:3028"}
{"environment":"development","level":"info","message":"🚀 Lap CMS Server started successfully","port":"3003","timestamp":"2025-08-01 09:32:02:322"}
{"environment":"development","level":"info","message":"🚀 Lap CMS Server started successfully","port":"3003","timestamp":"2025-08-01 09:32:11:3211"}
{"environment":"development","level":"info","message":"🚀 Lap CMS Server started successfully","port":"3003","timestamp":"2025-08-01 09:32:18:3218"}
{"action":"token_verified","ip":"::1","level":"info","message":"Authentication Event","success":true,"timestamp":"2025-08-01 09:32:59:3259"}
{"action":"token_verified","ip":"::1","level":"info","message":"Authentication Event","success":true,"timestamp":"2025-08-01 09:33:37:3337"}
{"action":"token_verified","ip":"::1","level":"info","message":"Authentication Event","success":true,"timestamp":"2025-08-01 09:34:18:3418"}
{"action":"token_verified","ip":"::1","level":"info","message":"Authentication Event","success":true,"timestamp":"2025-08-01 09:35:40:3540"}
{"action":"delete_user","adminUserId":"cmdo4kxfo0001p4u6bz2adny6","deletedUserEmail":"test@example.com","deletedUserId":"cmdo4kx410000p4u6q94gg33z","level":"info","message":"User deleted","timestamp":"2025-08-01 09:35:41:3541"}
{"action":"token_verified","ip":"::1","level":"info","message":"Authentication Event","success":true,"timestamp":"2025-08-01 09:35:43:3543"}
{"action":"token_verified","ip":"::1","level":"info","message":"Authentication Event","success":true,"timestamp":"2025-08-01 09:35:43:3543"}
{"action":"token_verified","ip":"::1","level":"info","message":"Authentication Event","success":true,"timestamp":"2025-08-01 09:35:43:3543"}
{"action":"token_verified","ip":"::1","level":"info","message":"Authentication Event","success":true,"timestamp":"2025-08-01 09:35:49:3549"}
{"action":"delete_user","adminUserId":"cmdo4kxfo0001p4u6bz2adny6","deletedUserEmail":"admin@example.com","deletedUserId":"cmdoyz8oq0001p4aztuosmzvj","level":"info","message":"User deleted","timestamp":"2025-08-01 09:35:50:3550"}
{"action":"token_verified","ip":"::1","level":"info","message":"Authentication Event","success":true,"timestamp":"2025-08-01 09:35:58:3558"}
{"action":"token_verified","ip":"::1","level":"info","message":"Authentication Event","success":true,"timestamp":"2025-08-01 09:35:58:3558"}
{"action":"token_verified","ip":"::1","level":"info","message":"Authentication Event","success":true,"timestamp":"2025-08-01 09:35:58:3558"}
{"action":"logout_success","ip":"::1","level":"info","message":"Authentication Event","success":true,"timestamp":"2025-08-01 09:36:04:364"}
{"ip":"::1","level":"info","message":"User logged out successfully","timestamp":"2025-08-01 09:36:04:364"}
{"action":"token_missing","ip":"::1","level":"warn","message":"Authentication Event","reason":"No auth token provided","success":false,"timestamp":"2025-08-01 09:36:04:364"}
{"action":"login_success","ip":"::1","level":"info","message":"Authentication Event","success":true,"timestamp":"2025-08-01 09:36:14:3614","userId":"cmdozt30z0000p4aeyvvnsbz3"}
{"email":"cetinkorkmaz37@gmail.com","ip":"::1","level":"info","message":"User logged in successfully","timestamp":"2025-08-01 09:36:14:3614","userId":"cmdozt30z0000p4aeyvvnsbz3"}
{"action":"token_verified","ip":"::1","level":"info","message":"Authentication Event","success":true,"timestamp":"2025-08-01 09:36:14:3614"}
{"action":"token_verified","ip":"::1","level":"info","message":"Authentication Event","success":true,"timestamp":"2025-08-01 09:36:14:3614"}
{"action":"token_verified","ip":"::1","level":"info","message":"Authentication Event","success":true,"timestamp":"2025-08-01 09:36:24:3624"}
{"action":"token_verified","ip":"::1","level":"info","message":"Authentication Event","success":true,"timestamp":"2025-08-01 09:36:25:3625"}
{"action":"token_verified","ip":"::1","level":"info","message":"Authentication Event","success":true,"timestamp":"2025-08-01 09:36:25:3625"}
{"action":"token_verified","ip":"::1","level":"info","message":"Authentication Event","success":true,"timestamp":"2025-08-01 09:36:32:3632"}
{"action":"api_key_regenerated","ip":"::1","level":"info","message":"Authentication Event","reason":"API key regenerated successfully","success":true,"timestamp":"2025-08-01 09:36:33:3633","userId":"cmdozt30z0000p4aeyvvnsbz3"}
{"email":"cetinkorkmaz37@gmail.com","ip":"::1","level":"info","message":"API key regenerated","siteId":"cmdozt34f0003p4ae8zakd5sa","timestamp":"2025-08-01 09:36:33:3633","userId":"cmdozt30z0000p4aeyvvnsbz3"}
{"action":"token_verified","ip":"::1","level":"info","message":"Authentication Event","success":true,"timestamp":"2025-08-01 09:36:33:3633"}
{"action":"token_verified","ip":"::1","level":"info","message":"Authentication Event","success":true,"timestamp":"2025-08-01 09:36:53:3653"}
{"action":"token_verified","ip":"::1","level":"info","message":"Authentication Event","success":true,"timestamp":"2025-08-01 09:36:53:3653"}
{"action":"token_verified","ip":"::1","level":"info","message":"Authentication Event","success":true,"timestamp":"2025-08-01 09:36:53:3653"}
{"action":"token_verified","ip":"::1","level":"info","message":"Authentication Event","success":true,"timestamp":"2025-08-01 09:36:57:3657"}
{"action":"token_verified","ip":"::1","level":"info","message":"Authentication Event","success":true,"timestamp":"2025-08-01 09:36:57:3657"}
{"action":"token_verified","ip":"::1","level":"info","message":"Authentication Event","success":true,"timestamp":"2025-08-01 09:36:57:3657"}
{"action":"token_verified","ip":"::1","level":"info","message":"Authentication Event","success":true,"timestamp":"2025-08-01 09:37:48:3748"}
{"action":"token_verified","ip":"::1","level":"info","message":"Authentication Event","success":true,"timestamp":"2025-08-01 09:37:49:3749"}
{"action":"token_verified","ip":"::1","level":"info","message":"Authentication Event","success":true,"timestamp":"2025-08-01 09:37:49:3749"}
{"action":"token_verified","ip":"::1","level":"info","message":"Authentication Event","success":true,"timestamp":"2025-08-01 09:37:49:3749"}
{"environment":"development","level":"info","message":"🚀 Lap CMS Server started successfully","port":"3003","timestamp":"2025-08-01 09:37:58:3758"}
{"action":"token_verified","ip":"::1","level":"info","message":"Authentication Event","success":true,"timestamp":"2025-08-01 09:41:09:419"}
{"environment":"development","level":"info","message":"🚀 Lap CMS Server started successfully","port":"3003","timestamp":"2025-08-01 09:42:47:4247"}
{"environment":"development","level":"info","message":"🚀 Lap CMS Server started successfully","port":"3003","timestamp":"2025-08-01 09:43:23:4323"}
{"environment":"development","level":"info","message":"🚀 Lap CMS Server started successfully","port":"3003","timestamp":"2025-08-01 12:36:02:362"}
{"environment":"development","level":"info","message":"🚀 Lap CMS Server started successfully","port":"3003","timestamp":"2025-08-01 12:42:28:4228"}
{"level":"info","message":"SIGINT signal received: closing HTTP server","timestamp":"2025-08-01 12:42:32:4232"}
{"environment":"development","level":"info","message":"🚀 Lap CMS Server started successfully","port":"3003","timestamp":"2025-08-01 12:49:38:4938"}
{"level":"info","message":"SIGINT signal received: closing HTTP server","timestamp":"2025-08-01 12:49:39:4939"}
{"environment":"development","level":"info","message":"🚀 Lap CMS Server started successfully","port":"3003","timestamp":"2025-08-01 13:06:51:651"}
{"level":"info","message":"SIGINT signal received: closing HTTP server","timestamp":"2025-08-01 13:08:50:850"}
{"environment":"development","level":"info","message":"🚀 Lap CMS Server started successfully","port":"3003","timestamp":"2025-08-01 13:09:06:96"}
{"level":"info","message":"SIGINT signal received: closing HTTP server","timestamp":"2025-08-01 13:09:37:937"}
{"environment":"development","level":"info","message":"🚀 Lap CMS Server started successfully","port":"3003","timestamp":"2025-08-01 13:09:41:941"}
{"action":"token_verified","ip":"::1","level":"info","message":"Authentication Event","success":true,"timestamp":"2025-08-01 13:09:49:949"}
{"duration":"73ms","error":"\nInvalid `prisma.user.findUnique()` invocation in\n/Users/erendemirci/Documents/lap-cms/apps/server/src/models/User.ts:51:32\n\n  48 // Find user by ID\n  49 static async findById(id: string): Promise<PrismaUser | null> {\n  50   try {\n→ 51     return await prisma.user.findUnique(\nUser was denied access on the database `(not available)`","level":"error","message":"Database Error","operation":"findUnique User","stack":"PrismaClientInitializationError: \nInvalid `prisma.user.findUnique()` invocation in\n/Users/erendemirci/Documents/lap-cms/apps/server/src/models/User.ts:51:32\n\n  48 // Find user by ID\n  49 static async findById(id: string): Promise<PrismaUser | null> {\n  50   try {\n→ 51     return await prisma.user.findUnique(\nUser was denied access on the database `(not available)`\n    at ri.handleRequestError (/Users/erendemirci/Documents/lap-cms/node_modules/.pnpm/@prisma+client@6.13.0_prisma@6.13.0_typescript@5.8.3__typescript@5.8.3/node_modules/@prisma/client/src/runtime/RequestHandler.ts:242:13)\n    at ri.handleAndLogRequestError (/Users/erendemirci/Documents/lap-cms/node_modules/.pnpm/@prisma+client@6.13.0_prisma@6.13.0_typescript@5.8.3__typescript@5.8.3/node_modules/@prisma/client/src/runtime/RequestHandler.ts:174:12)\n    at ri.request (/Users/erendemirci/Documents/lap-cms/node_modules/.pnpm/@prisma+client@6.13.0_prisma@6.13.0_typescript@5.8.3__typescript@5.8.3/node_modules/@prisma/client/src/runtime/RequestHandler.ts:143:12)\n    at async l (/Users/erendemirci/Documents/lap-cms/node_modules/.pnpm/@prisma+client@6.13.0_prisma@6.13.0_typescript@5.8.3__typescript@5.8.3/node_modules/@prisma/client/src/runtime/getPrismaClient.ts:862:24)\n    at async <anonymous> (/Users/erendemirci/Documents/lap-cms/apps/server/src/lib/prisma.ts:19:20)\n    at async Function.findById (/Users/erendemirci/Documents/lap-cms/apps/server/src/models/User.ts:51:14)\n    at async <anonymous> (/Users/erendemirci/Documents/lap-cms/apps/server/src/routes/auth.ts:117:18)","table":"User","timestamp":"2025-08-01 13:09:50:950"}
{"action":"token_verified","ip":"::1","level":"info","message":"Authentication Event","success":true,"timestamp":"2025-08-01 13:09:54:954"}
{"duration":"21ms","error":"\nInvalid `prisma.user.findUnique()` invocation in\n/Users/erendemirci/Documents/lap-cms/apps/server/src/models/User.ts:51:32\n\n  48 // Find user by ID\n  49 static async findById(id: string): Promise<PrismaUser | null> {\n  50   try {\n→ 51     return await prisma.user.findUnique(\nUser was denied access on the database `(not available)`","level":"error","message":"Database Error","operation":"findUnique User","stack":"PrismaClientInitializationError: \nInvalid `prisma.user.findUnique()` invocation in\n/Users/erendemirci/Documents/lap-cms/apps/server/src/models/User.ts:51:32\n\n  48 // Find user by ID\n  49 static async findById(id: string): Promise<PrismaUser | null> {\n  50   try {\n→ 51     return await prisma.user.findUnique(\nUser was denied access on the database `(not available)`\n    at ri.handleRequestError (/Users/erendemirci/Documents/lap-cms/node_modules/.pnpm/@prisma+client@6.13.0_prisma@6.13.0_typescript@5.8.3__typescript@5.8.3/node_modules/@prisma/client/src/runtime/RequestHandler.ts:242:13)\n    at ri.handleAndLogRequestError (/Users/erendemirci/Documents/lap-cms/node_modules/.pnpm/@prisma+client@6.13.0_prisma@6.13.0_typescript@5.8.3__typescript@5.8.3/node_modules/@prisma/client/src/runtime/RequestHandler.ts:174:12)\n    at ri.request (/Users/erendemirci/Documents/lap-cms/node_modules/.pnpm/@prisma+client@6.13.0_prisma@6.13.0_typescript@5.8.3__typescript@5.8.3/node_modules/@prisma/client/src/runtime/RequestHandler.ts:143:12)\n    at async l (/Users/erendemirci/Documents/lap-cms/node_modules/.pnpm/@prisma+client@6.13.0_prisma@6.13.0_typescript@5.8.3__typescript@5.8.3/node_modules/@prisma/client/src/runtime/getPrismaClient.ts:862:24)\n    at async <anonymous> (/Users/erendemirci/Documents/lap-cms/apps/server/src/lib/prisma.ts:19:20)\n    at async Function.findById (/Users/erendemirci/Documents/lap-cms/apps/server/src/models/User.ts:51:14)\n    at async <anonymous> (/Users/erendemirci/Documents/lap-cms/apps/server/src/routes/auth.ts:117:18)","table":"User","timestamp":"2025-08-01 13:09:54:954"}
{"duration":"8ms","error":"\nInvalid `prisma.user.findUnique()` invocation in\n/Users/erendemirci/Documents/lap-cms/apps/server/src/models/User.ts:66:32\n\n  63 // Find user by email\n  64 static async findByEmail(email: string): Promise<PrismaUser | null> {\n  65   try {\n→ 66     return await prisma.user.findUnique(\nUser was denied access on the database `(not available)`","level":"error","message":"Database Error","operation":"findUnique User","stack":"PrismaClientInitializationError: \nInvalid `prisma.user.findUnique()` invocation in\n/Users/erendemirci/Documents/lap-cms/apps/server/src/models/User.ts:66:32\n\n  63 // Find user by email\n  64 static async findByEmail(email: string): Promise<PrismaUser | null> {\n  65   try {\n→ 66     return await prisma.user.findUnique(\nUser was denied access on the database `(not available)`\n    at ri.handleRequestError (/Users/erendemirci/Documents/lap-cms/node_modules/.pnpm/@prisma+client@6.13.0_prisma@6.13.0_typescript@5.8.3__typescript@5.8.3/node_modules/@prisma/client/src/runtime/RequestHandler.ts:242:13)\n    at ri.handleAndLogRequestError (/Users/erendemirci/Documents/lap-cms/node_modules/.pnpm/@prisma+client@6.13.0_prisma@6.13.0_typescript@5.8.3__typescript@5.8.3/node_modules/@prisma/client/src/runtime/RequestHandler.ts:174:12)\n    at ri.request (/Users/erendemirci/Documents/lap-cms/node_modules/.pnpm/@prisma+client@6.13.0_prisma@6.13.0_typescript@5.8.3__typescript@5.8.3/node_modules/@prisma/client/src/runtime/RequestHandler.ts:143:12)\n    at async l (/Users/erendemirci/Documents/lap-cms/node_modules/.pnpm/@prisma+client@6.13.0_prisma@6.13.0_typescript@5.8.3__typescript@5.8.3/node_modules/@prisma/client/src/runtime/getPrismaClient.ts:862:24)\n    at async <anonymous> (/Users/erendemirci/Documents/lap-cms/apps/server/src/lib/prisma.ts:19:20)\n    at async Function.findByEmail (/Users/erendemirci/Documents/lap-cms/apps/server/src/models/User.ts:66:14)\n    at async <anonymous> (/Users/erendemirci/Documents/lap-cms/apps/server/src/routes/auth.ts:22:18)","table":"User","timestamp":"2025-08-01 13:09:57:957"}
{"action":"login_failed","ip":"::1","level":"warn","message":"Authentication Event","reason":"User not found","success":false,"timestamp":"2025-08-01 13:09:57:957"}
{"duration":"8ms","error":"\nInvalid `prisma.user.findUnique()` invocation in\n/Users/erendemirci/Documents/lap-cms/apps/server/src/models/User.ts:66:32\n\n  63 // Find user by email\n  64 static async findByEmail(email: string): Promise<PrismaUser | null> {\n  65   try {\n→ 66     return await prisma.user.findUnique(\nUser was denied access on the database `(not available)`","level":"error","message":"Database Error","operation":"findUnique User","stack":"PrismaClientInitializationError: \nInvalid `prisma.user.findUnique()` invocation in\n/Users/erendemirci/Documents/lap-cms/apps/server/src/models/User.ts:66:32\n\n  63 // Find user by email\n  64 static async findByEmail(email: string): Promise<PrismaUser | null> {\n  65   try {\n→ 66     return await prisma.user.findUnique(\nUser was denied access on the database `(not available)`\n    at ri.handleRequestError (/Users/erendemirci/Documents/lap-cms/node_modules/.pnpm/@prisma+client@6.13.0_prisma@6.13.0_typescript@5.8.3__typescript@5.8.3/node_modules/@prisma/client/src/runtime/RequestHandler.ts:242:13)\n    at ri.handleAndLogRequestError (/Users/erendemirci/Documents/lap-cms/node_modules/.pnpm/@prisma+client@6.13.0_prisma@6.13.0_typescript@5.8.3__typescript@5.8.3/node_modules/@prisma/client/src/runtime/RequestHandler.ts:174:12)\n    at ri.request (/Users/erendemirci/Documents/lap-cms/node_modules/.pnpm/@prisma+client@6.13.0_prisma@6.13.0_typescript@5.8.3__typescript@5.8.3/node_modules/@prisma/client/src/runtime/RequestHandler.ts:143:12)\n    at async l (/Users/erendemirci/Documents/lap-cms/node_modules/.pnpm/@prisma+client@6.13.0_prisma@6.13.0_typescript@5.8.3__typescript@5.8.3/node_modules/@prisma/client/src/runtime/getPrismaClient.ts:862:24)\n    at async <anonymous> (/Users/erendemirci/Documents/lap-cms/apps/server/src/lib/prisma.ts:19:20)\n    at async Function.findByEmail (/Users/erendemirci/Documents/lap-cms/apps/server/src/models/User.ts:66:14)\n    at async <anonymous> (/Users/erendemirci/Documents/lap-cms/apps/server/src/routes/auth.ts:22:18)","table":"User","timestamp":"2025-08-01 13:10:11:1011"}
{"action":"login_failed","ip":"::1","level":"warn","message":"Authentication Event","reason":"User not found","success":false,"timestamp":"2025-08-01 13:10:11:1011"}
{"action":"token_verified","ip":"::1","level":"info","message":"Authentication Event","success":true,"timestamp":"2025-08-01 13:10:22:1022"}
{"duration":"23ms","error":"\nInvalid `prisma.user.findUnique()` invocation in\n/Users/erendemirci/Documents/lap-cms/apps/server/src/models/User.ts:51:32\n\n  48 // Find user by ID\n  49 static async findById(id: string): Promise<PrismaUser | null> {\n  50   try {\n→ 51     return await prisma.user.findUnique(\nUser was denied access on the database `(not available)`","level":"error","message":"Database Error","operation":"findUnique User","stack":"PrismaClientInitializationError: \nInvalid `prisma.user.findUnique()` invocation in\n/Users/erendemirci/Documents/lap-cms/apps/server/src/models/User.ts:51:32\n\n  48 // Find user by ID\n  49 static async findById(id: string): Promise<PrismaUser | null> {\n  50   try {\n→ 51     return await prisma.user.findUnique(\nUser was denied access on the database `(not available)`\n    at ri.handleRequestError (/Users/erendemirci/Documents/lap-cms/node_modules/.pnpm/@prisma+client@6.13.0_prisma@6.13.0_typescript@5.8.3__typescript@5.8.3/node_modules/@prisma/client/src/runtime/RequestHandler.ts:242:13)\n    at ri.handleAndLogRequestError (/Users/erendemirci/Documents/lap-cms/node_modules/.pnpm/@prisma+client@6.13.0_prisma@6.13.0_typescript@5.8.3__typescript@5.8.3/node_modules/@prisma/client/src/runtime/RequestHandler.ts:174:12)\n    at ri.request (/Users/erendemirci/Documents/lap-cms/node_modules/.pnpm/@prisma+client@6.13.0_prisma@6.13.0_typescript@5.8.3__typescript@5.8.3/node_modules/@prisma/client/src/runtime/RequestHandler.ts:143:12)\n    at async l (/Users/erendemirci/Documents/lap-cms/node_modules/.pnpm/@prisma+client@6.13.0_prisma@6.13.0_typescript@5.8.3__typescript@5.8.3/node_modules/@prisma/client/src/runtime/getPrismaClient.ts:862:24)\n    at async <anonymous> (/Users/erendemirci/Documents/lap-cms/apps/server/src/lib/prisma.ts:19:20)\n    at async Function.findById (/Users/erendemirci/Documents/lap-cms/apps/server/src/models/User.ts:51:14)\n    at async <anonymous> (/Users/erendemirci/Documents/lap-cms/apps/server/src/routes/auth.ts:117:18)","table":"User","timestamp":"2025-08-01 13:10:22:1022"}
{"duration":"8ms","error":"\nInvalid `prisma.user.findUnique()` invocation in\n/Users/erendemirci/Documents/lap-cms/apps/server/src/models/User.ts:66:32\n\n  63 // Find user by email\n  64 static async findByEmail(email: string): Promise<PrismaUser | null> {\n  65   try {\n→ 66     return await prisma.user.findUnique(\nUser was denied access on the database `(not available)`","level":"error","message":"Database Error","operation":"findUnique User","stack":"PrismaClientInitializationError: \nInvalid `prisma.user.findUnique()` invocation in\n/Users/erendemirci/Documents/lap-cms/apps/server/src/models/User.ts:66:32\n\n  63 // Find user by email\n  64 static async findByEmail(email: string): Promise<PrismaUser | null> {\n  65   try {\n→ 66     return await prisma.user.findUnique(\nUser was denied access on the database `(not available)`\n    at ri.handleRequestError (/Users/erendemirci/Documents/lap-cms/node_modules/.pnpm/@prisma+client@6.13.0_prisma@6.13.0_typescript@5.8.3__typescript@5.8.3/node_modules/@prisma/client/src/runtime/RequestHandler.ts:242:13)\n    at ri.handleAndLogRequestError (/Users/erendemirci/Documents/lap-cms/node_modules/.pnpm/@prisma+client@6.13.0_prisma@6.13.0_typescript@5.8.3__typescript@5.8.3/node_modules/@prisma/client/src/runtime/RequestHandler.ts:174:12)\n    at ri.request (/Users/erendemirci/Documents/lap-cms/node_modules/.pnpm/@prisma+client@6.13.0_prisma@6.13.0_typescript@5.8.3__typescript@5.8.3/node_modules/@prisma/client/src/runtime/RequestHandler.ts:143:12)\n    at async l (/Users/erendemirci/Documents/lap-cms/node_modules/.pnpm/@prisma+client@6.13.0_prisma@6.13.0_typescript@5.8.3__typescript@5.8.3/node_modules/@prisma/client/src/runtime/getPrismaClient.ts:862:24)\n    at async <anonymous> (/Users/erendemirci/Documents/lap-cms/apps/server/src/lib/prisma.ts:19:20)\n    at async Function.findByEmail (/Users/erendemirci/Documents/lap-cms/apps/server/src/models/User.ts:66:14)\n    at async <anonymous> (/Users/erendemirci/Documents/lap-cms/apps/server/src/routes/auth.ts:22:18)","table":"User","timestamp":"2025-08-01 13:10:32:1032"}
{"action":"login_failed","ip":"::1","level":"warn","message":"Authentication Event","reason":"User not found","success":false,"timestamp":"2025-08-01 13:10:32:1032"}
{"duration":"12ms","error":"\nInvalid `prisma.user.findUnique()` invocation in\n/Users/erendemirci/Documents/lap-cms/apps/server/src/models/User.ts:66:32\n\n  63 // Find user by email\n  64 static async findByEmail(email: string): Promise<PrismaUser | null> {\n  65   try {\n→ 66     return await prisma.user.findUnique(\nUser was denied access on the database `(not available)`","level":"error","message":"Database Error","operation":"findUnique User","stack":"PrismaClientInitializationError: \nInvalid `prisma.user.findUnique()` invocation in\n/Users/erendemirci/Documents/lap-cms/apps/server/src/models/User.ts:66:32\n\n  63 // Find user by email\n  64 static async findByEmail(email: string): Promise<PrismaUser | null> {\n  65   try {\n→ 66     return await prisma.user.findUnique(\nUser was denied access on the database `(not available)`\n    at ri.handleRequestError (/Users/erendemirci/Documents/lap-cms/node_modules/.pnpm/@prisma+client@6.13.0_prisma@6.13.0_typescript@5.8.3__typescript@5.8.3/node_modules/@prisma/client/src/runtime/RequestHandler.ts:242:13)\n    at ri.handleAndLogRequestError (/Users/erendemirci/Documents/lap-cms/node_modules/.pnpm/@prisma+client@6.13.0_prisma@6.13.0_typescript@5.8.3__typescript@5.8.3/node_modules/@prisma/client/src/runtime/RequestHandler.ts:174:12)\n    at ri.request (/Users/erendemirci/Documents/lap-cms/node_modules/.pnpm/@prisma+client@6.13.0_prisma@6.13.0_typescript@5.8.3__typescript@5.8.3/node_modules/@prisma/client/src/runtime/RequestHandler.ts:143:12)\n    at async l (/Users/erendemirci/Documents/lap-cms/node_modules/.pnpm/@prisma+client@6.13.0_prisma@6.13.0_typescript@5.8.3__typescript@5.8.3/node_modules/@prisma/client/src/runtime/getPrismaClient.ts:862:24)\n    at async <anonymous> (/Users/erendemirci/Documents/lap-cms/apps/server/src/lib/prisma.ts:19:20)\n    at async Function.findByEmail (/Users/erendemirci/Documents/lap-cms/apps/server/src/models/User.ts:66:14)\n    at async <anonymous> (/Users/erendemirci/Documents/lap-cms/apps/server/src/routes/auth.ts:22:18)","table":"User","timestamp":"2025-08-01 13:10:37:1037"}
{"action":"login_failed","ip":"::1","level":"warn","message":"Authentication Event","reason":"User not found","success":false,"timestamp":"2025-08-01 13:10:37:1037"}
{"action":"login_failed","ip":"::1","level":"warn","message":"Authentication Event","reason":"User not found","success":false,"timestamp":"2025-08-01 13:11:06:116"}
{"action":"login_failed","ip":"::1","level":"warn","message":"Authentication Event","reason":"Invalid password","success":false,"timestamp":"2025-08-01 13:11:10:1110","userId":"cmdozt30z0000p4aeyvvnsbz3"}
{"action":"login_success","ip":"::1","level":"info","message":"Authentication Event","success":true,"timestamp":"2025-08-01 13:11:14:1114","userId":"cmdozt30z0000p4aeyvvnsbz3"}
{"email":"cetinkorkmaz37@gmail.com","ip":"::1","level":"info","message":"User logged in successfully","timestamp":"2025-08-01 13:11:14:1114","userId":"cmdozt30z0000p4aeyvvnsbz3"}
{"action":"token_verified","ip":"::1","level":"info","message":"Authentication Event","success":true,"timestamp":"2025-08-01 13:11:14:1114"}
{"action":"token_verified","ip":"::1","level":"info","message":"Authentication Event","success":true,"timestamp":"2025-08-01 13:11:14:1114"}
